  [1m[36m (357.2ms)[0m  [1mCREATE TABLE `schema_migrations` (`version` varchar(255) NOT NULL) ENGINE=InnoDB[0m
  [1m[35m (969.5ms)[0m  CREATE UNIQUE INDEX `unique_schema_migrations`  ON `schema_migrations` (`version`) 
  [1m[36mActiveRecord::SchemaMigration Load (0.4ms)[0m  [1mSELECT `schema_migrations`.* FROM `schema_migrations`[0m
Migrating to DeviseCreateUsers (20230505062816)
  [1m[36mActiveRecord::SchemaMigration Load (0.5ms)[0m  [1mSELECT `schema_migrations`.* FROM `schema_migrations`[0m
Migrating to DeviseCreateUsers (20230505062816)
  [1m[36mActiveRecord::SchemaMigration Load (0.4ms)[0m  [1mSELECT `schema_migrations`.* FROM `schema_migrations`[0m
Migrating to CreateStudents (20230508071437)
  [1m[35m (250.5ms)[0m  CREATE TABLE `students` (`id` int(11) auto_increment PRIMARY KEY, `name` varchar(255), `age` int(11), `created_at` datetime NOT NULL, `updated_at` datetime NOT NULL) ENGINE=InnoDB
  [1m[36m (0.6ms)[0m  [1mBEGIN[0m
  [1m[35mSQL (1.2ms)[0m  INSERT INTO `schema_migrations` (`version`) VALUES ('20230508071437')
  [1m[36m (40.1ms)[0m  [1mCOMMIT[0m
Migrating to DeviseCreateUsers (20230508071712)
  [1m[35m (241.8ms)[0m  CREATE TABLE `users` (`id` int(11) auto_increment PRIMARY KEY, `email` varchar(255) DEFAULT '' NOT NULL, `encrypted_password` varchar(255) DEFAULT '' NOT NULL, `reset_password_token` varchar(255), `reset_password_sent_at` datetime, `remember_created_at` datetime, `role` int(11) DEFAULT 0, `created_at` datetime NOT NULL, `updated_at` datetime NOT NULL) ENGINE=InnoDB
  [1m[36m (589.2ms)[0m  [1mCREATE UNIQUE INDEX `index_users_on_email`  ON `users` (`email`) [0m
  [1m[35m (339.5ms)[0m  CREATE UNIQUE INDEX `index_users_on_reset_password_token`  ON `users` (`reset_password_token`) 
  [1m[36m (0.2ms)[0m  [1mBEGIN[0m
  [1m[35mSQL (0.3ms)[0m  INSERT INTO `schema_migrations` (`version`) VALUES ('20230508071712')
  [1m[36m (109.4ms)[0m  [1mCOMMIT[0m
  [1m[35mActiveRecord::SchemaMigration Load (5.1ms)[0m  SELECT `schema_migrations`.* FROM `schema_migrations`
  [1m[36m (0.5ms)[0m  [1mSELECT fk.referenced_table_name as 'to_table'
      ,fk.referenced_column_name as 'primary_key'
      ,fk.column_name as 'column'
      ,fk.constraint_name as 'name'
FROM information_schema.key_column_usage fk
WHERE fk.referenced_column_name is not null
  AND fk.table_schema = 'student'
  AND fk.table_name = 'students'
[0m
  [1m[35m (0.3ms)[0m  SHOW CREATE TABLE `students`
  [1m[36m (0.5ms)[0m  [1mSELECT fk.referenced_table_name as 'to_table'
      ,fk.referenced_column_name as 'primary_key'
      ,fk.column_name as 'column'
      ,fk.constraint_name as 'name'
FROM information_schema.key_column_usage fk
WHERE fk.referenced_column_name is not null
  AND fk.table_schema = 'student'
  AND fk.table_name = 'users'
[0m
  [1m[35m (0.5ms)[0m  SHOW CREATE TABLE `users`
  [1m[36mActiveRecord::SchemaMigration Load (0.5ms)[0m  [1mSELECT `schema_migrations`.* FROM `schema_migrations`[0m
  [1m[35m (643.4ms)[0m  CREATE TABLE `schema_migrations` (`version` varchar(255) NOT NULL) ENGINE=InnoDB
  [1m[36m (826.3ms)[0m  [1mCREATE UNIQUE INDEX `unique_schema_migrations`  ON `schema_migrations` (`version`) [0m
  [1m[35mActiveRecord::SchemaMigration Load (0.4ms)[0m  SELECT `schema_migrations`.* FROM `schema_migrations`
Migrating to CreateStudentInfos (20230505063054)
DEPRECATION WARNING: `#timestamps` was called without specifying an option for `null`. In Rails 5, this behavior will change to `null: false`. You should manually specify `null: true` to prevent the behavior of your existing migrations from changing. (called from block in change at /home/rails/Rails/demo/db/second_migrate/20230505063054_create_student_infos.rb:8)
  [1m[36m (243.6ms)[0m  [1mCREATE TABLE `student_infos` (`id` int(11) auto_increment PRIMARY KEY, `sex` varchar(255), `student_id` int(11), `city` varchar(255), `created_at` datetime, `updated_at` datetime) ENGINE=InnoDB[0m
  [1m[35m (0.7ms)[0m  BEGIN
  [1m[36mSQL (1.3ms)[0m  [1mINSERT INTO `schema_migrations` (`version`) VALUES ('20230505063054')[0m
  [1m[35m (46.8ms)[0m  COMMIT


Started GET "/" for ::1 at 2023-05-08 12:52:04 +0530
  [1m[36mActiveRecord::SchemaMigration Load (0.9ms)[0m  [1mSELECT `schema_migrations`.* FROM `schema_migrations`[0m
Processing by DashboardController#index as HTML
Completed 401 Unauthorized in 46ms (ActiveRecord: 0.0ms)


Started GET "/users/sign_in" for ::1 at 2023-05-08 12:52:04 +0530
Processing by Devise::SessionsController#new as HTML
  Rendered /home/rails/.rvm/gems/ruby-2.2.2/gems/devise-4.7.1/app/views/devise/shared/_links.html.erb (2.7ms)
  Rendered /home/rails/.rvm/gems/ruby-2.2.2/gems/devise-4.7.1/app/views/devise/sessions/new.html.erb within layouts/application (135.6ms)
Completed 500 Internal Server Error in 285ms (ActiveRecord: 1.7ms)

ActionView::Template::Error (undefined local variable or method `csp_meta_tag' for #<#<Class:0x0055e51e46c7e8>:0x0055e51e45fbb0>):
    3:   <head>
    4:     <title>DemoProject</title>
    5:     <%= csrf_meta_tags %>
    6:     <%= csp_meta_tag %>
    7: 
    8:     <%= stylesheet_link_tag    'application', media: 'all', 'data-turbolinks-track': 'reload' %>
    9:     <%= javascript_include_tag 'application', 'data-turbolinks-track': 'reload' %>
  app/views/layouts/application.html.erb:6:in `_app_views_layouts_application_html_erb__1643935030198480061_47221271768760'


  Rendered /home/rails/.rvm/gems/ruby-2.2.2/gems/actionpack-4.2.8/lib/action_dispatch/middleware/templates/rescues/_source.erb (26.7ms)
  Rendered /home/rails/.rvm/gems/ruby-2.2.2/gems/actionpack-4.2.8/lib/action_dispatch/middleware/templates/rescues/_trace.html.erb (6.2ms)
  Rendered /home/rails/.rvm/gems/ruby-2.2.2/gems/actionpack-4.2.8/lib/action_dispatch/middleware/templates/rescues/_request_and_response.html.erb (2.1ms)
  Rendered /home/rails/.rvm/gems/ruby-2.2.2/gems/actionpack-4.2.8/lib/action_dispatch/middleware/templates/rescues/template_error.html.erb within rescues/layout (126.1ms)
  Rendered /home/rails/.rvm/gems/ruby-2.2.2/gems/web-console-2.3.0/lib/web_console/templates/_markup.html.erb (0.6ms)
  Rendered /home/rails/.rvm/gems/ruby-2.2.2/gems/web-console-2.3.0/lib/web_console/templates/_inner_console_markup.html.erb within layouts/inlined_string (0.6ms)
  Rendered /home/rails/.rvm/gems/ruby-2.2.2/gems/web-console-2.3.0/lib/web_console/templates/_prompt_box_markup.html.erb within layouts/inlined_string (0.6ms)
  Rendered /home/rails/.rvm/gems/ruby-2.2.2/gems/web-console-2.3.0/lib/web_console/templates/style.css.erb within layouts/inlined_string (0.8ms)
  Rendered /home/rails/.rvm/gems/ruby-2.2.2/gems/web-console-2.3.0/lib/web_console/templates/console.js.erb within layouts/javascript (60.2ms)
  Rendered /home/rails/.rvm/gems/ruby-2.2.2/gems/web-console-2.3.0/lib/web_console/templates/main.js.erb within layouts/javascript (0.5ms)
  Rendered /home/rails/.rvm/gems/ruby-2.2.2/gems/web-console-2.3.0/lib/web_console/templates/error_page.js.erb within layouts/javascript (0.7ms)
  Rendered /home/rails/.rvm/gems/ruby-2.2.2/gems/web-console-2.3.0/lib/web_console/templates/index.html.erb (117.7ms)


Started GET "/users/sign_in" for ::1 at 2023-05-08 12:52:54 +0530
Processing by Devise::SessionsController#new as HTML
  Rendered /home/rails/.rvm/gems/ruby-2.2.2/gems/devise-4.7.1/app/views/devise/shared/_links.html.erb (0.7ms)
  Rendered /home/rails/.rvm/gems/ruby-2.2.2/gems/devise-4.7.1/app/views/devise/sessions/new.html.erb within layouts/application (7.2ms)
Completed 200 OK in 761ms (Views: 758.9ms | ActiveRecord: 0.0ms)


Started GET "/assets/application.self-e80e8f2318043e8af94dddc2adad5a4f09739a8ebb323b3ab31cd71d45fd9113.css?body=1" for ::1 at 2023-05-08 12:52:55 +0530


Started GET "/assets/jquery.self-bd7ddd393353a8d2480a622e80342adf488fb6006d667e8b42e4c0073393abee.js?body=1" for ::1 at 2023-05-08 12:52:55 +0530


Started GET "/assets/turbolinks.self-569ee74eaa15c1e2019317ff770b8769b1ec033a0f572a485f64c82ddc8f989e.js?body=1" for ::1 at 2023-05-08 12:52:55 +0530


Started GET "/assets/jquery_ujs.self-a6375ab2b275439c922ac52b02a475d288976458aa11a6e8103c925ef2961f66.js?body=1" for ::1 at 2023-05-08 12:52:55 +0530


Started GET "/assets/application.self-3b8dabdc891efe46b9a144b400ad69e37d7e5876bdc39dee783419a69d7ca819.js?body=1" for ::1 at 2023-05-08 12:52:55 +0530


Started GET "/users/sign_up" for ::1 at 2023-05-08 12:52:58 +0530
Processing by Devise::RegistrationsController#new as HTML
  Rendered /home/rails/.rvm/gems/ruby-2.2.2/gems/devise-4.7.1/app/views/devise/shared/_error_messages.html.erb (1.5ms)
  Rendered /home/rails/.rvm/gems/ruby-2.2.2/gems/devise-4.7.1/app/views/devise/shared/_links.html.erb (0.6ms)
  Rendered /home/rails/.rvm/gems/ruby-2.2.2/gems/devise-4.7.1/app/views/devise/registrations/new.html.erb within layouts/application (13.9ms)
Completed 200 OK in 52ms (Views: 48.5ms | ActiveRecord: 0.0ms)


Started POST "/users" for ::1 at 2023-05-08 12:53:20 +0530
Processing by Devise::RegistrationsController#create as HTML
  Parameters: {"utf8"=>"✓", "authenticity_token"=>"iUdz2no5jb/iQmCreflc18NSw33+CLzfYH44sJLByu3OIjt/I/xz6S55xZQpV+0AWv2U8+dYl1jg/yHsCJzAUg==", "user"=>{"email"=>"john@gmail.com", "password"=>"[FILTERED]", "password_confirmation"=>"[FILTERED]"}, "commit"=>"Sign up"}
  [1m[35m (0.3ms)[0m  BEGIN
  [1m[36mUser Exists (0.6ms)[0m  [1mSELECT  1 AS one FROM `users` WHERE `users`.`email` = BINARY 'john@gmail.com' LIMIT 1[0m
  [1m[35mSQL (0.7ms)[0m  INSERT INTO `users` (`email`, `encrypted_password`, `created_at`, `updated_at`) VALUES ('john@gmail.com', '$2a$11$3oUtQ4ysoZNdZnLnZRtRj.9VBm6QMVKRCiBGUIwShNQgZRuO5l0Ke', '2023-05-08 07:23:20', '2023-05-08 07:23:20')
  [1m[36m (52.3ms)[0m  [1mCOMMIT[0m
Redirected to http://localhost:3000/
Completed 302 Found in 600ms (ActiveRecord: 53.9ms)


Started GET "/" for ::1 at 2023-05-08 12:53:21 +0530
Processing by DashboardController#index as HTML
  [1m[35mUser Load (0.5ms)[0m  SELECT  `users`.* FROM `users` WHERE `users`.`id` = 1  ORDER BY `users`.`id` ASC LIMIT 1
  Rendered dashboard/index.html.erb within layouts/application (2.0ms)
Completed 200 OK in 72ms (Views: 59.3ms | ActiveRecord: 0.5ms)


Started GET "/" for ::1 at 2023-05-08 12:55:04 +0530
Processing by DashboardController#index as HTML
  [1m[36mUser Load (0.7ms)[0m  [1mSELECT  `users`.* FROM `users` WHERE `users`.`id` = 1  ORDER BY `users`.`id` ASC LIMIT 1[0m
  Rendered dashboard/index.html.erb within layouts/application (1.0ms)
Completed 200 OK in 60ms (Views: 28.8ms | ActiveRecord: 3.2ms)


Started GET "/students" for ::1 at 2023-05-08 12:55:07 +0530
Processing by StudentsController#index as HTML
  [1m[35mUser Load (0.7ms)[0m  SELECT  `users`.* FROM `users` WHERE `users`.`id` = 1  ORDER BY `users`.`id` ASC LIMIT 1
Completed 500 Internal Server Error in 6ms (ActiveRecord: 0.7ms)

SyntaxError (/home/rails/Rails/demo/app/models/student.rb:8: syntax error, unexpected '.'
      city: student_info&.city,
                          ^
/home/rails/Rails/demo/app/models/student.rb:22: syntax error, unexpected '.'
      city: student_info&.city,
                          ^):
  app/models/student.rb:8: syntax error, unexpected '.'
  app/models/student.rb:22: syntax error, unexpected '.'
  app/controllers/students_controller.rb:7:in `index'


  Rendered /home/rails/.rvm/gems/ruby-2.2.2/gems/actionpack-4.2.8/lib/action_dispatch/middleware/templates/rescues/_source.erb (16.9ms)
  Rendered /home/rails/.rvm/gems/ruby-2.2.2/gems/actionpack-4.2.8/lib/action_dispatch/middleware/templates/rescues/_trace.html.erb (6.1ms)
  Rendered /home/rails/.rvm/gems/ruby-2.2.2/gems/actionpack-4.2.8/lib/action_dispatch/middleware/templates/rescues/_request_and_response.html.erb (2.0ms)
  Rendered /home/rails/.rvm/gems/ruby-2.2.2/gems/actionpack-4.2.8/lib/action_dispatch/middleware/templates/rescues/diagnostics.html.erb within rescues/layout (87.7ms)
  Rendered /home/rails/.rvm/gems/ruby-2.2.2/gems/web-console-2.3.0/lib/web_console/templates/_markup.html.erb (0.7ms)
  Rendered /home/rails/.rvm/gems/ruby-2.2.2/gems/web-console-2.3.0/lib/web_console/templates/_inner_console_markup.html.erb within layouts/inlined_string (0.7ms)
  Rendered /home/rails/.rvm/gems/ruby-2.2.2/gems/web-console-2.3.0/lib/web_console/templates/_prompt_box_markup.html.erb within layouts/inlined_string (0.5ms)
  Rendered /home/rails/.rvm/gems/ruby-2.2.2/gems/web-console-2.3.0/lib/web_console/templates/style.css.erb within layouts/inlined_string (0.6ms)
  Rendered /home/rails/.rvm/gems/ruby-2.2.2/gems/web-console-2.3.0/lib/web_console/templates/console.js.erb within layouts/javascript (59.1ms)
  Rendered /home/rails/.rvm/gems/ruby-2.2.2/gems/web-console-2.3.0/lib/web_console/templates/main.js.erb within layouts/javascript (0.5ms)
  Rendered /home/rails/.rvm/gems/ruby-2.2.2/gems/web-console-2.3.0/lib/web_console/templates/error_page.js.erb within layouts/javascript (0.8ms)
  Rendered /home/rails/.rvm/gems/ruby-2.2.2/gems/web-console-2.3.0/lib/web_console/templates/index.html.erb (115.3ms)


Started GET "/students" for ::1 at 2023-05-08 12:55:49 +0530
Processing by StudentsController#index as HTML
  [1m[36mUser Load (0.6ms)[0m  [1mSELECT  `users`.* FROM `users` WHERE `users`.`id` = 1  ORDER BY `users`.`id` ASC LIMIT 1[0m
Completed 500 Internal Server Error in 5ms (ActiveRecord: 0.6ms)

SyntaxError (/home/rails/Rails/demo/app/models/student.rb:8: syntax error, unexpected '.'
      city: student_info&.city,
                          ^
/home/rails/Rails/demo/app/models/student.rb:22: syntax error, unexpected '.'
      city: student_info&.city,
                          ^):
  app/models/student.rb:8: syntax error, unexpected '.'
  app/models/student.rb:22: syntax error, unexpected '.'
  app/controllers/students_controller.rb:7:in `index'


  Rendered /home/rails/.rvm/gems/ruby-2.2.2/gems/actionpack-4.2.8/lib/action_dispatch/middleware/templates/rescues/_source.erb (14.1ms)
  Rendered /home/rails/.rvm/gems/ruby-2.2.2/gems/actionpack-4.2.8/lib/action_dispatch/middleware/templates/rescues/_trace.html.erb (5.9ms)
  Rendered /home/rails/.rvm/gems/ruby-2.2.2/gems/actionpack-4.2.8/lib/action_dispatch/middleware/templates/rescues/_request_and_response.html.erb (1.8ms)
  Rendered /home/rails/.rvm/gems/ruby-2.2.2/gems/actionpack-4.2.8/lib/action_dispatch/middleware/templates/rescues/diagnostics.html.erb within rescues/layout (69.3ms)
  Rendered /home/rails/.rvm/gems/ruby-2.2.2/gems/web-console-2.3.0/lib/web_console/templates/_markup.html.erb (0.7ms)
  Rendered /home/rails/.rvm/gems/ruby-2.2.2/gems/web-console-2.3.0/lib/web_console/templates/_inner_console_markup.html.erb within layouts/inlined_string (0.8ms)
  Rendered /home/rails/.rvm/gems/ruby-2.2.2/gems/web-console-2.3.0/lib/web_console/templates/_prompt_box_markup.html.erb within layouts/inlined_string (0.5ms)
  Rendered /home/rails/.rvm/gems/ruby-2.2.2/gems/web-console-2.3.0/lib/web_console/templates/style.css.erb within layouts/inlined_string (0.7ms)
  Rendered /home/rails/.rvm/gems/ruby-2.2.2/gems/web-console-2.3.0/lib/web_console/templates/console.js.erb within layouts/javascript (52.0ms)
  Rendered /home/rails/.rvm/gems/ruby-2.2.2/gems/web-console-2.3.0/lib/web_console/templates/main.js.erb within layouts/javascript (0.5ms)
  Rendered /home/rails/.rvm/gems/ruby-2.2.2/gems/web-console-2.3.0/lib/web_console/templates/error_page.js.erb within layouts/javascript (0.9ms)
  Rendered /home/rails/.rvm/gems/ruby-2.2.2/gems/web-console-2.3.0/lib/web_console/templates/index.html.erb (106.9ms)


Started GET "/students" for ::1 at 2023-05-08 12:56:23 +0530
Processing by StudentsController#index as HTML
  [1m[35mUser Load (0.5ms)[0m  SELECT  `users`.* FROM `users` WHERE `users`.`id` = 1  ORDER BY `users`.`id` ASC LIMIT 1
  [1m[36mStudent Load (0.7ms)[0m  [1mSELECT `students`.* FROM `students`[0m
  Rendered students/index.html.erb within layouts/application (6.0ms)
Completed 200 OK in 132ms (Views: 35.2ms | ActiveRecord: 4.2ms)


Started GET "/students/new" for ::1 at 2023-05-08 12:56:25 +0530
Processing by StudentsController#new as HTML
  [1m[35mUser Load (0.5ms)[0m  SELECT  `users`.* FROM `users` WHERE `users`.`id` = 1  ORDER BY `users`.`id` ASC LIMIT 1
  Rendered students/_form.html.erb (9.2ms)
  Rendered students/new.html.erb within layouts/application (16.3ms)
Completed 500 Internal Server Error in 83ms (ActiveRecord: 0.9ms)

SyntaxError (/home/rails/Rails/demo/app/views/students/_form.html.erb:26: syntax error, unexpected '.'
...[city]', student.student_info&.city, required: true );@outpu...
...                               ^
/home/rails/Rails/demo/app/views/students/_form.html.erb:31: syntax error, unexpected '.'
...o[sex]', student.student_info&.sex, required: true );@output...
...                               ^):
  app/views/students/_form.html.erb:26: syntax error, unexpected '.'
  app/views/students/_form.html.erb:31: syntax error, unexpected '.'
  app/views/students/new.html.erb:3:in `_app_views_students_new_html_erb___1868938365099443891_69975561321060'


  Rendered /home/rails/.rvm/gems/ruby-2.2.2/gems/actionpack-4.2.8/lib/action_dispatch/middleware/templates/rescues/_source.erb (21.7ms)
  Rendered /home/rails/.rvm/gems/ruby-2.2.2/gems/actionpack-4.2.8/lib/action_dispatch/middleware/templates/rescues/_trace.html.erb (8.0ms)
  Rendered /home/rails/.rvm/gems/ruby-2.2.2/gems/actionpack-4.2.8/lib/action_dispatch/middleware/templates/rescues/_request_and_response.html.erb (2.0ms)
  Rendered /home/rails/.rvm/gems/ruby-2.2.2/gems/actionpack-4.2.8/lib/action_dispatch/middleware/templates/rescues/diagnostics.html.erb within rescues/layout (83.2ms)
  Rendered /home/rails/.rvm/gems/ruby-2.2.2/gems/web-console-2.3.0/lib/web_console/templates/_markup.html.erb (0.7ms)
  Rendered /home/rails/.rvm/gems/ruby-2.2.2/gems/web-console-2.3.0/lib/web_console/templates/_inner_console_markup.html.erb within layouts/inlined_string (0.6ms)
  Rendered /home/rails/.rvm/gems/ruby-2.2.2/gems/web-console-2.3.0/lib/web_console/templates/_prompt_box_markup.html.erb within layouts/inlined_string (0.6ms)
  Rendered /home/rails/.rvm/gems/ruby-2.2.2/gems/web-console-2.3.0/lib/web_console/templates/style.css.erb within layouts/inlined_string (0.7ms)
  Rendered /home/rails/.rvm/gems/ruby-2.2.2/gems/web-console-2.3.0/lib/web_console/templates/console.js.erb within layouts/javascript (52.0ms)
  Rendered /home/rails/.rvm/gems/ruby-2.2.2/gems/web-console-2.3.0/lib/web_console/templates/main.js.erb within layouts/javascript (0.6ms)
  Rendered /home/rails/.rvm/gems/ruby-2.2.2/gems/web-console-2.3.0/lib/web_console/templates/error_page.js.erb within layouts/javascript (0.7ms)
  Rendered /home/rails/.rvm/gems/ruby-2.2.2/gems/web-console-2.3.0/lib/web_console/templates/index.html.erb (104.6ms)


Started GET "/students/new" for ::1 at 2023-05-08 12:56:49 +0530
Processing by StudentsController#new as HTML
  [1m[36mUser Load (0.8ms)[0m  [1mSELECT  `users`.* FROM `users` WHERE `users`.`id` = 1  ORDER BY `users`.`id` ASC LIMIT 1[0m
  Rendered students/_form.html.erb (31.9ms)
  Rendered students/new.html.erb within layouts/application (33.2ms)
Completed 500 Internal Server Error in 43ms (ActiveRecord: 0.8ms)

ActionView::Template::Error (undefined method `form_with' for #<#<Class:0x007f48e8a785e0>:0x007f48e8572f50>):
    1: <%= form_with(model: student, local: true) do |form| %>
    2:   <% if student.errors.any? %>
    3:     <div id="error_explanation">
    4:       <h2><%= pluralize(student.errors.count, "error") %> prohibited this student from being saved:</h2>
  app/views/students/_form.html.erb:1:in `_app_views_students__form_html_erb___4192596719298692728_69975556180120'
  app/views/students/new.html.erb:3:in `_app_views_students_new_html_erb___1868938365099443891_69975561321060'


  Rendered /home/rails/.rvm/gems/ruby-2.2.2/gems/actionpack-4.2.8/lib/action_dispatch/middleware/templates/rescues/_source.erb (21.3ms)
  Rendered /home/rails/.rvm/gems/ruby-2.2.2/gems/actionpack-4.2.8/lib/action_dispatch/middleware/templates/rescues/_trace.html.erb (6.9ms)
  Rendered /home/rails/.rvm/gems/ruby-2.2.2/gems/actionpack-4.2.8/lib/action_dispatch/middleware/templates/rescues/_request_and_response.html.erb (1.9ms)
  Rendered /home/rails/.rvm/gems/ruby-2.2.2/gems/actionpack-4.2.8/lib/action_dispatch/middleware/templates/rescues/template_error.html.erb within rescues/layout (80.4ms)
  Rendered /home/rails/.rvm/gems/ruby-2.2.2/gems/web-console-2.3.0/lib/web_console/templates/_markup.html.erb (0.7ms)
  Rendered /home/rails/.rvm/gems/ruby-2.2.2/gems/web-console-2.3.0/lib/web_console/templates/_inner_console_markup.html.erb within layouts/inlined_string (0.6ms)
  Rendered /home/rails/.rvm/gems/ruby-2.2.2/gems/web-console-2.3.0/lib/web_console/templates/_prompt_box_markup.html.erb within layouts/inlined_string (0.5ms)
  Rendered /home/rails/.rvm/gems/ruby-2.2.2/gems/web-console-2.3.0/lib/web_console/templates/style.css.erb within layouts/inlined_string (0.6ms)
  Rendered /home/rails/.rvm/gems/ruby-2.2.2/gems/web-console-2.3.0/lib/web_console/templates/console.js.erb within layouts/javascript (54.5ms)
  Rendered /home/rails/.rvm/gems/ruby-2.2.2/gems/web-console-2.3.0/lib/web_console/templates/main.js.erb within layouts/javascript (0.6ms)
  Rendered /home/rails/.rvm/gems/ruby-2.2.2/gems/web-console-2.3.0/lib/web_console/templates/error_page.js.erb within layouts/javascript (0.8ms)
  Rendered /home/rails/.rvm/gems/ruby-2.2.2/gems/web-console-2.3.0/lib/web_console/templates/index.html.erb (110.1ms)


Started GET "/students/new" for ::1 at 2023-05-08 12:57:43 +0530
Processing by StudentsController#new as HTML
  [1m[35mUser Load (0.7ms)[0m  SELECT  `users`.* FROM `users` WHERE `users`.`id` = 1  ORDER BY `users`.`id` ASC LIMIT 1
  Rendered students/_form.html.erb (83.5ms)
  Rendered students/new.html.erb within layouts/application (85.0ms)
Completed 200 OK in 110ms (Views: 105.5ms | ActiveRecord: 1.5ms)


Started POST "/students" for ::1 at 2023-05-08 12:57:54 +0530
Processing by StudentsController#create as HTML
  Parameters: {"utf8"=>"✓", "authenticity_token"=>"FVfhN7l/E+F8yq8CQRVFG5V46OkeLi8R4dPltYp/vehSMqmS4Lrtt7DxCj0Ru/TMDNe/Zwd+BJZhUvzpECK3Vw==", "student"=>{"name"=>"test", "age"=>"20"}, "student_info"=>{"city"=>"10", "sex"=>"Male"}, "commit"=>"Create Student"}
  [1m[36mUser Load (0.8ms)[0m  [1mSELECT  `users`.* FROM `users` WHERE `users`.`id` = 1  ORDER BY `users`.`id` ASC LIMIT 1[0m
  [1m[35m (0.3ms)[0m  BEGIN
  [1m[36mSQL (0.7ms)[0m  [1mINSERT INTO `students` (`name`, `age`, `created_at`, `updated_at`) VALUES ('test', 20, '2023-05-08 07:27:54', '2023-05-08 07:27:54')[0m
  [1m[35m (0.4ms)[0m  BEGIN
  [1m[36mSQL (0.7ms)[0m  [1mINSERT INTO `student_infos` (`sex`, `city`, `student_id`, `created_at`, `updated_at`) VALUES ('Male', '10', 1, '2023-05-08 07:27:54', '2023-05-08 07:27:54')[0m
  [1m[35m (78.5ms)[0m  COMMIT
  [1m[36m (52.5ms)[0m  [1mCOMMIT[0m
Redirected to http://localhost:3000/students/1
Completed 302 Found in 201ms (ActiveRecord: 135.8ms)


Started GET "/students/1" for ::1 at 2023-05-08 12:57:54 +0530
Processing by StudentsController#show as HTML
  Parameters: {"id"=>"1"}
  [1m[35mUser Load (1.0ms)[0m  SELECT  `users`.* FROM `users` WHERE `users`.`id` = 1  ORDER BY `users`.`id` ASC LIMIT 1
  [1m[36mStudent Load (1.3ms)[0m  [1mSELECT  `students`.* FROM `students` WHERE `students`.`id` = 1 LIMIT 1[0m
  Rendered students/show.html.erb within layouts/application (2.9ms)
Completed 200 OK in 120ms (Views: 78.9ms | ActiveRecord: 2.3ms)


Started GET "/students/1/edit" for ::1 at 2023-05-08 12:57:57 +0530
Processing by StudentsController#edit as HTML
  Parameters: {"id"=>"1"}
  [1m[35mUser Load (0.5ms)[0m  SELECT  `users`.* FROM `users` WHERE `users`.`id` = 1  ORDER BY `users`.`id` ASC LIMIT 1
  [1m[36mStudent Load (0.5ms)[0m  [1mSELECT  `students`.* FROM `students` WHERE `students`.`id` = 1 LIMIT 1[0m
  [1m[35mStudentInfo Load (0.6ms)[0m  SELECT  `student_infos`.* FROM `student_infos` WHERE `student_infos`.`student_id` = 1 LIMIT 1
  Rendered students/_form.html.erb (6.4ms)
  Rendered students/edit.html.erb within layouts/application (8.8ms)
Completed 200 OK in 36ms (Views: 31.0ms | ActiveRecord: 1.6ms)


Started GET "/students" for ::1 at 2023-05-08 12:57:59 +0530
Processing by StudentsController#index as HTML
  [1m[36mUser Load (0.6ms)[0m  [1mSELECT  `users`.* FROM `users` WHERE `users`.`id` = 1  ORDER BY `users`.`id` ASC LIMIT 1[0m
  [1m[35mStudent Load (0.7ms)[0m  SELECT `students`.* FROM `students`
  [1m[36mStudentInfo Load (0.7ms)[0m  [1mSELECT  `student_infos`.* FROM `student_infos` WHERE `student_infos`.`student_id` = 1 LIMIT 1[0m
  Rendered students/index.html.erb within layouts/application (4.9ms)
Completed 200 OK in 29ms (Views: 24.2ms | ActiveRecord: 2.0ms)


Started GET "/students/1/edit" for ::1 at 2023-05-08 12:58:06 +0530
Processing by StudentsController#edit as HTML
  Parameters: {"id"=>"1"}
  [1m[35mUser Load (0.8ms)[0m  SELECT  `users`.* FROM `users` WHERE `users`.`id` = 1  ORDER BY `users`.`id` ASC LIMIT 1
  [1m[36mStudent Load (0.6ms)[0m  [1mSELECT  `students`.* FROM `students` WHERE `students`.`id` = 1 LIMIT 1[0m
  [1m[35mStudentInfo Load (0.5ms)[0m  SELECT  `student_infos`.* FROM `student_infos` WHERE `student_infos`.`student_id` = 1 LIMIT 1
  Rendered students/_form.html.erb (5.4ms)
  Rendered students/edit.html.erb within layouts/application (6.8ms)
Completed 200 OK in 32ms (Views: 26.3ms | ActiveRecord: 1.9ms)


Started PATCH "/students" for ::1 at 2023-05-08 12:58:12 +0530

ActionController::RoutingError (No route matches [PATCH] "/students"):
  actionpack (4.2.8) lib/action_dispatch/middleware/debug_exceptions.rb:21:in `call'
  web-console (2.3.0) lib/web_console/middleware.rb:28:in `block in call'
  web-console (2.3.0) lib/web_console/middleware.rb:18:in `catch'
  web-console (2.3.0) lib/web_console/middleware.rb:18:in `call'
  actionpack (4.2.8) lib/action_dispatch/middleware/show_exceptions.rb:30:in `call'
  railties (4.2.8) lib/rails/rack/logger.rb:38:in `call_app'
  railties (4.2.8) lib/rails/rack/logger.rb:20:in `block in call'
  activesupport (4.2.8) lib/active_support/tagged_logging.rb:68:in `block in tagged'
  activesupport (4.2.8) lib/active_support/tagged_logging.rb:26:in `tagged'
  activesupport (4.2.8) lib/active_support/tagged_logging.rb:68:in `tagged'
  railties (4.2.8) lib/rails/rack/logger.rb:20:in `call'
  actionpack (4.2.8) lib/action_dispatch/middleware/request_id.rb:21:in `call'
  rack (1.6.13) lib/rack/methodoverride.rb:22:in `call'
  rack (1.6.13) lib/rack/runtime.rb:18:in `call'
  activesupport (4.2.8) lib/active_support/cache/strategy/local_cache_middleware.rb:28:in `call'
  rack (1.6.13) lib/rack/lock.rb:17:in `call'
  actionpack (4.2.8) lib/action_dispatch/middleware/static.rb:120:in `call'
  rack (1.6.13) lib/rack/sendfile.rb:113:in `call'
  railties (4.2.8) lib/rails/engine.rb:518:in `call'
  railties (4.2.8) lib/rails/application.rb:165:in `call'
  rack (1.6.13) lib/rack/lock.rb:17:in `call'
  rack (1.6.13) lib/rack/content_length.rb:15:in `call'
  rack (1.6.13) lib/rack/handler/webrick.rb:88:in `service'
  /home/rails/.rvm/rubies/ruby-2.2.2/lib/ruby/2.2.0/webrick/httpserver.rb:138:in `service'
  /home/rails/.rvm/rubies/ruby-2.2.2/lib/ruby/2.2.0/webrick/httpserver.rb:94:in `run'
  /home/rails/.rvm/rubies/ruby-2.2.2/lib/ruby/2.2.0/webrick/server.rb:294:in `block in start_thread'


  Rendered /home/rails/.rvm/gems/ruby-2.2.2/gems/actionpack-4.2.8/lib/action_dispatch/middleware/templates/rescues/_trace.html.erb (2.9ms)
  Rendered /home/rails/.rvm/gems/ruby-2.2.2/gems/actionpack-4.2.8/lib/action_dispatch/middleware/templates/routes/_route.html.erb (4.6ms)
  Rendered /home/rails/.rvm/gems/ruby-2.2.2/gems/actionpack-4.2.8/lib/action_dispatch/middleware/templates/routes/_table.html.erb (20.3ms)
  Rendered /home/rails/.rvm/gems/ruby-2.2.2/gems/actionpack-4.2.8/lib/action_dispatch/middleware/templates/rescues/_request_and_response.html.erb (3.0ms)
  Rendered /home/rails/.rvm/gems/ruby-2.2.2/gems/actionpack-4.2.8/lib/action_dispatch/middleware/templates/rescues/routing_error.html.erb within rescues/layout (138.3ms)
  Rendered /home/rails/.rvm/gems/ruby-2.2.2/gems/web-console-2.3.0/lib/web_console/templates/_markup.html.erb (0.7ms)
  Rendered /home/rails/.rvm/gems/ruby-2.2.2/gems/web-console-2.3.0/lib/web_console/templates/_inner_console_markup.html.erb within layouts/inlined_string (0.7ms)
  Rendered /home/rails/.rvm/gems/ruby-2.2.2/gems/web-console-2.3.0/lib/web_console/templates/_prompt_box_markup.html.erb within layouts/inlined_string (0.6ms)
  Rendered /home/rails/.rvm/gems/ruby-2.2.2/gems/web-console-2.3.0/lib/web_console/templates/style.css.erb within layouts/inlined_string (0.8ms)
  Rendered /home/rails/.rvm/gems/ruby-2.2.2/gems/web-console-2.3.0/lib/web_console/templates/console.js.erb within layouts/javascript (53.2ms)
  Rendered /home/rails/.rvm/gems/ruby-2.2.2/gems/web-console-2.3.0/lib/web_console/templates/main.js.erb within layouts/javascript (0.5ms)
  Rendered /home/rails/.rvm/gems/ruby-2.2.2/gems/web-console-2.3.0/lib/web_console/templates/error_page.js.erb within layouts/javascript (1.1ms)
  Rendered /home/rails/.rvm/gems/ruby-2.2.2/gems/web-console-2.3.0/lib/web_console/templates/index.html.erb (107.6ms)


Started GET "/students" for ::1 at 2023-05-08 12:59:06 +0530
Processing by StudentsController#index as HTML
  [1m[36mUser Load (0.6ms)[0m  [1mSELECT  `users`.* FROM `users` WHERE `users`.`id` = 1  ORDER BY `users`.`id` ASC LIMIT 1[0m
  [1m[35mStudent Load (0.6ms)[0m  SELECT `students`.* FROM `students`
  [1m[36mStudentInfo Load (0.5ms)[0m  [1mSELECT  `student_infos`.* FROM `student_infos` WHERE `student_infos`.`student_id` = 1 LIMIT 1[0m
  Rendered students/index.html.erb within layouts/application (4.1ms)
Completed 200 OK in 31ms (Views: 26.2ms | ActiveRecord: 1.6ms)


Started GET "/students/1/edit" for ::1 at 2023-05-08 12:59:08 +0530
Processing by StudentsController#edit as HTML
  Parameters: {"id"=>"1"}
  [1m[35mUser Load (0.5ms)[0m  SELECT  `users`.* FROM `users` WHERE `users`.`id` = 1  ORDER BY `users`.`id` ASC LIMIT 1
  [1m[36mStudent Load (0.4ms)[0m  [1mSELECT  `students`.* FROM `students` WHERE `students`.`id` = 1 LIMIT 1[0m
  [1m[35mStudentInfo Load (0.5ms)[0m  SELECT  `student_infos`.* FROM `student_infos` WHERE `student_infos`.`student_id` = 1 LIMIT 1
  Rendered students/_form.html.erb (6.9ms)
  Rendered students/edit.html.erb within layouts/application (8.6ms)
Completed 200 OK in 36ms (Views: 30.6ms | ActiveRecord: 1.4ms)


Started PATCH "/students" for ::1 at 2023-05-08 12:59:13 +0530

ActionController::RoutingError (No route matches [PATCH] "/students"):
  actionpack (4.2.8) lib/action_dispatch/middleware/debug_exceptions.rb:21:in `call'
  web-console (2.3.0) lib/web_console/middleware.rb:28:in `block in call'
  web-console (2.3.0) lib/web_console/middleware.rb:18:in `catch'
  web-console (2.3.0) lib/web_console/middleware.rb:18:in `call'
  actionpack (4.2.8) lib/action_dispatch/middleware/show_exceptions.rb:30:in `call'
  railties (4.2.8) lib/rails/rack/logger.rb:38:in `call_app'
  railties (4.2.8) lib/rails/rack/logger.rb:20:in `block in call'
  activesupport (4.2.8) lib/active_support/tagged_logging.rb:68:in `block in tagged'
  activesupport (4.2.8) lib/active_support/tagged_logging.rb:26:in `tagged'
  activesupport (4.2.8) lib/active_support/tagged_logging.rb:68:in `tagged'
  railties (4.2.8) lib/rails/rack/logger.rb:20:in `call'
  actionpack (4.2.8) lib/action_dispatch/middleware/request_id.rb:21:in `call'
  rack (1.6.13) lib/rack/methodoverride.rb:22:in `call'
  rack (1.6.13) lib/rack/runtime.rb:18:in `call'
  activesupport (4.2.8) lib/active_support/cache/strategy/local_cache_middleware.rb:28:in `call'
  rack (1.6.13) lib/rack/lock.rb:17:in `call'
  actionpack (4.2.8) lib/action_dispatch/middleware/static.rb:120:in `call'
  rack (1.6.13) lib/rack/sendfile.rb:113:in `call'
  railties (4.2.8) lib/rails/engine.rb:518:in `call'
  railties (4.2.8) lib/rails/application.rb:165:in `call'
  rack (1.6.13) lib/rack/lock.rb:17:in `call'
  rack (1.6.13) lib/rack/content_length.rb:15:in `call'
  rack (1.6.13) lib/rack/handler/webrick.rb:88:in `service'
  /home/rails/.rvm/rubies/ruby-2.2.2/lib/ruby/2.2.0/webrick/httpserver.rb:138:in `service'
  /home/rails/.rvm/rubies/ruby-2.2.2/lib/ruby/2.2.0/webrick/httpserver.rb:94:in `run'
  /home/rails/.rvm/rubies/ruby-2.2.2/lib/ruby/2.2.0/webrick/server.rb:294:in `block in start_thread'


  Rendered /home/rails/.rvm/gems/ruby-2.2.2/gems/actionpack-4.2.8/lib/action_dispatch/middleware/templates/rescues/_trace.html.erb (2.7ms)
  Rendered /home/rails/.rvm/gems/ruby-2.2.2/gems/actionpack-4.2.8/lib/action_dispatch/middleware/templates/routes/_route.html.erb (4.8ms)
  Rendered /home/rails/.rvm/gems/ruby-2.2.2/gems/actionpack-4.2.8/lib/action_dispatch/middleware/templates/routes/_table.html.erb (3.1ms)
  Rendered /home/rails/.rvm/gems/ruby-2.2.2/gems/actionpack-4.2.8/lib/action_dispatch/middleware/templates/rescues/_request_and_response.html.erb (2.7ms)
  Rendered /home/rails/.rvm/gems/ruby-2.2.2/gems/actionpack-4.2.8/lib/action_dispatch/middleware/templates/rescues/routing_error.html.erb within rescues/layout (110.2ms)
  Rendered /home/rails/.rvm/gems/ruby-2.2.2/gems/web-console-2.3.0/lib/web_console/templates/_markup.html.erb (0.6ms)
  Rendered /home/rails/.rvm/gems/ruby-2.2.2/gems/web-console-2.3.0/lib/web_console/templates/_inner_console_markup.html.erb within layouts/inlined_string (0.6ms)
  Rendered /home/rails/.rvm/gems/ruby-2.2.2/gems/web-console-2.3.0/lib/web_console/templates/_prompt_box_markup.html.erb within layouts/inlined_string (0.5ms)
  Rendered /home/rails/.rvm/gems/ruby-2.2.2/gems/web-console-2.3.0/lib/web_console/templates/style.css.erb within layouts/inlined_string (0.6ms)
  Rendered /home/rails/.rvm/gems/ruby-2.2.2/gems/web-console-2.3.0/lib/web_console/templates/console.js.erb within layouts/javascript (55.3ms)
  Rendered /home/rails/.rvm/gems/ruby-2.2.2/gems/web-console-2.3.0/lib/web_console/templates/main.js.erb within layouts/javascript (0.5ms)
  Rendered /home/rails/.rvm/gems/ruby-2.2.2/gems/web-console-2.3.0/lib/web_console/templates/error_page.js.erb within layouts/javascript (0.8ms)
  Rendered /home/rails/.rvm/gems/ruby-2.2.2/gems/web-console-2.3.0/lib/web_console/templates/index.html.erb (107.5ms)


Started GET "/students" for ::1 at 2023-05-08 12:59:24 +0530
Processing by StudentsController#index as HTML
  [1m[36mUser Load (0.5ms)[0m  [1mSELECT  `users`.* FROM `users` WHERE `users`.`id` = 1  ORDER BY `users`.`id` ASC LIMIT 1[0m
  [1m[35mStudent Load (0.5ms)[0m  SELECT `students`.* FROM `students`
  [1m[36mStudentInfo Load (0.7ms)[0m  [1mSELECT  `student_infos`.* FROM `student_infos` WHERE `student_infos`.`student_id` = 1 LIMIT 1[0m
  Rendered students/index.html.erb within layouts/application (4.5ms)
Completed 200 OK in 30ms (Views: 26.3ms | ActiveRecord: 1.8ms)


Started GET "/students/1/edit" for ::1 at 2023-05-08 12:59:26 +0530
Processing by StudentsController#edit as HTML
  Parameters: {"id"=>"1"}
  [1m[35mUser Load (0.7ms)[0m  SELECT  `users`.* FROM `users` WHERE `users`.`id` = 1  ORDER BY `users`.`id` ASC LIMIT 1
  [1m[36mStudent Load (0.5ms)[0m  [1mSELECT  `students`.* FROM `students` WHERE `students`.`id` = 1 LIMIT 1[0m
  [1m[35mStudentInfo Load (0.5ms)[0m  SELECT  `student_infos`.* FROM `student_infos` WHERE `student_infos`.`student_id` = 1 LIMIT 1
  Rendered students/_form.html.erb (7.4ms)
  Rendered students/edit.html.erb within layouts/application (9.2ms)
Completed 200 OK in 36ms (Views: 30.2ms | ActiveRecord: 1.8ms)


Started PATCH "/students/1" for ::1 at 2023-05-08 12:59:30 +0530
Processing by StudentsController#update as HTML
  Parameters: {"utf8"=>"✓", "authenticity_token"=>"tFmxNZ3hhxhRmDzmDiMa7QwRWj6rsXmlBQ4w3DLEtk/zPPmQxCR5Tp2jmdlejas6lb4NsLLhUiKFjymAqJm88A==", "student"=>{"name"=>"test data", "age"=>"20"}, "student_info"=>{"city"=>"10", "sex"=>"Male"}, "commit"=>"Update Student", "id"=>"1"}
  [1m[36mUser Load (1.7ms)[0m  [1mSELECT  `users`.* FROM `users` WHERE `users`.`id` = 1  ORDER BY `users`.`id` ASC LIMIT 1[0m
  [1m[35mStudent Load (2.3ms)[0m  SELECT  `students`.* FROM `students` WHERE `students`.`id` = 1 LIMIT 1
  [1m[36m (0.8ms)[0m  [1mBEGIN[0m
  [1m[35mSQL (1.7ms)[0m  UPDATE `students` SET `name` = 'test data', `updated_at` = '2023-05-08 07:29:30' WHERE `students`.`id` = 1
  [1m[36m (57.0ms)[0m  [1mCOMMIT[0m
  [1m[35mStudentInfo Load (1.7ms)[0m  SELECT  `student_infos`.* FROM `student_infos` WHERE `student_infos`.`student_id` = 1 LIMIT 1
  [1m[36m (0.8ms)[0m  [1mBEGIN[0m
  [1m[35m (0.7ms)[0m  COMMIT
Redirected to http://localhost:3000/students/1
Completed 302 Found in 116ms (ActiveRecord: 66.7ms)


Started GET "/students/1" for ::1 at 2023-05-08 12:59:30 +0530
Processing by StudentsController#show as HTML
  Parameters: {"id"=>"1"}
  [1m[36mUser Load (2.0ms)[0m  [1mSELECT  `users`.* FROM `users` WHERE `users`.`id` = 1  ORDER BY `users`.`id` ASC LIMIT 1[0m
  [1m[35mStudent Load (1.8ms)[0m  SELECT  `students`.* FROM `students` WHERE `students`.`id` = 1 LIMIT 1
  Rendered students/show.html.erb within layouts/application (1.7ms)
Completed 200 OK in 73ms (Views: 55.6ms | ActiveRecord: 3.9ms)


Started GET "/students/1" for ::1 at 2023-05-08 12:59:41 +0530
Processing by StudentsController#show as HTML
  Parameters: {"id"=>"1"}
  [1m[36mUser Load (0.6ms)[0m  [1mSELECT  `users`.* FROM `users` WHERE `users`.`id` = 1  ORDER BY `users`.`id` ASC LIMIT 1[0m
  [1m[35mStudent Load (0.7ms)[0m  SELECT  `students`.* FROM `students` WHERE `students`.`id` = 1 LIMIT 1
  Rendered students/show.html.erb within layouts/application (0.6ms)
Completed 200 OK in 29ms (Views: 24.3ms | ActiveRecord: 1.3ms)


Started GET "/api/v1/students/1" for ::1 at 2023-05-08 12:59:54 +0530

ActionController::RoutingError (No route matches [GET] "/api/v1/students/1"):
  actionpack (4.2.8) lib/action_dispatch/middleware/debug_exceptions.rb:21:in `call'
  web-console (2.3.0) lib/web_console/middleware.rb:28:in `block in call'
  web-console (2.3.0) lib/web_console/middleware.rb:18:in `catch'
  web-console (2.3.0) lib/web_console/middleware.rb:18:in `call'
  actionpack (4.2.8) lib/action_dispatch/middleware/show_exceptions.rb:30:in `call'
  railties (4.2.8) lib/rails/rack/logger.rb:38:in `call_app'
  railties (4.2.8) lib/rails/rack/logger.rb:20:in `block in call'
  activesupport (4.2.8) lib/active_support/tagged_logging.rb:68:in `block in tagged'
  activesupport (4.2.8) lib/active_support/tagged_logging.rb:26:in `tagged'
  activesupport (4.2.8) lib/active_support/tagged_logging.rb:68:in `tagged'
  railties (4.2.8) lib/rails/rack/logger.rb:20:in `call'
  actionpack (4.2.8) lib/action_dispatch/middleware/request_id.rb:21:in `call'
  rack (1.6.13) lib/rack/methodoverride.rb:22:in `call'
  rack (1.6.13) lib/rack/runtime.rb:18:in `call'
  activesupport (4.2.8) lib/active_support/cache/strategy/local_cache_middleware.rb:28:in `call'
  rack (1.6.13) lib/rack/lock.rb:17:in `call'
  actionpack (4.2.8) lib/action_dispatch/middleware/static.rb:120:in `call'
  rack (1.6.13) lib/rack/sendfile.rb:113:in `call'
  railties (4.2.8) lib/rails/engine.rb:518:in `call'
  railties (4.2.8) lib/rails/application.rb:165:in `call'
  rack (1.6.13) lib/rack/lock.rb:17:in `call'
  rack (1.6.13) lib/rack/content_length.rb:15:in `call'
  rack (1.6.13) lib/rack/handler/webrick.rb:88:in `service'
  /home/rails/.rvm/rubies/ruby-2.2.2/lib/ruby/2.2.0/webrick/httpserver.rb:138:in `service'
  /home/rails/.rvm/rubies/ruby-2.2.2/lib/ruby/2.2.0/webrick/httpserver.rb:94:in `run'
  /home/rails/.rvm/rubies/ruby-2.2.2/lib/ruby/2.2.0/webrick/server.rb:294:in `block in start_thread'


  Rendered /home/rails/.rvm/gems/ruby-2.2.2/gems/actionpack-4.2.8/lib/action_dispatch/middleware/templates/rescues/_trace.html.erb (3.0ms)
  Rendered /home/rails/.rvm/gems/ruby-2.2.2/gems/actionpack-4.2.8/lib/action_dispatch/middleware/templates/routes/_route.html.erb (5.6ms)
  Rendered /home/rails/.rvm/gems/ruby-2.2.2/gems/actionpack-4.2.8/lib/action_dispatch/middleware/templates/routes/_table.html.erb (3.3ms)
  Rendered /home/rails/.rvm/gems/ruby-2.2.2/gems/actionpack-4.2.8/lib/action_dispatch/middleware/templates/rescues/_request_and_response.html.erb (2.9ms)
  Rendered /home/rails/.rvm/gems/ruby-2.2.2/gems/actionpack-4.2.8/lib/action_dispatch/middleware/templates/rescues/routing_error.html.erb within rescues/layout (96.5ms)
  Rendered /home/rails/.rvm/gems/ruby-2.2.2/gems/web-console-2.3.0/lib/web_console/templates/_markup.html.erb (0.7ms)
  Rendered /home/rails/.rvm/gems/ruby-2.2.2/gems/web-console-2.3.0/lib/web_console/templates/_inner_console_markup.html.erb within layouts/inlined_string (0.6ms)
  Rendered /home/rails/.rvm/gems/ruby-2.2.2/gems/web-console-2.3.0/lib/web_console/templates/_prompt_box_markup.html.erb within layouts/inlined_string (0.5ms)
  Rendered /home/rails/.rvm/gems/ruby-2.2.2/gems/web-console-2.3.0/lib/web_console/templates/style.css.erb within layouts/inlined_string (0.7ms)
  Rendered /home/rails/.rvm/gems/ruby-2.2.2/gems/web-console-2.3.0/lib/web_console/templates/console.js.erb within layouts/javascript (54.3ms)
  Rendered /home/rails/.rvm/gems/ruby-2.2.2/gems/web-console-2.3.0/lib/web_console/templates/main.js.erb within layouts/javascript (0.5ms)
  Rendered /home/rails/.rvm/gems/ruby-2.2.2/gems/web-console-2.3.0/lib/web_console/templates/error_page.js.erb within layouts/javascript (0.8ms)
  Rendered /home/rails/.rvm/gems/ruby-2.2.2/gems/web-console-2.3.0/lib/web_console/templates/index.html.erb (109.1ms)


Started GET "/api/v1/student/1" for ::1 at 2023-05-08 13:00:00 +0530
Processing by Api::V1::StudentController#show as HTML
  Parameters: {"id"=>"1"}
  [1m[36mStudent Load (0.6ms)[0m  [1mSELECT  `students`.* FROM `students` WHERE `students`.`id` = 1 LIMIT 1[0m
  [1m[35mStudentInfo Load (0.5ms)[0m  SELECT  `student_infos`.* FROM `student_infos` WHERE `student_infos`.`student_id` = 1 LIMIT 1
Completed 404 Not Found in 7ms (Views: 0.5ms | ActiveRecord: 1.1ms)


Started GET "/api/v1/student/1/info" for ::1 at 2023-05-08 13:00:07 +0530
Processing by Api::V1::StudentController#info as HTML
  Parameters: {"id"=>"1"}
  [1m[36mStudent Load (0.6ms)[0m  [1mSELECT  `students`.* FROM `students` WHERE `students`.`id` = 1 LIMIT 1[0m
  [1m[35mStudentInfo Load (0.9ms)[0m  SELECT  `student_infos`.* FROM `student_infos` WHERE `student_infos`.`student_id` = 1 LIMIT 1
Completed 404 Not Found in 6ms (Views: 0.2ms | ActiveRecord: 1.5ms)


Started GET "/api/v1/student/1/other_info" for ::1 at 2023-05-08 13:00:15 +0530
Processing by Api::V1::StudentController#other_info as HTML
  Parameters: {"id"=>"1"}
  [1m[36mStudent Load (0.6ms)[0m  [1mSELECT  `students`.* FROM `students` WHERE `students`.`id` = 1 LIMIT 1[0m
Completed 404 Not Found in 3ms (Views: 0.3ms | ActiveRecord: 0.6ms)
